The following action was logged:
Labraderp#6969
fag
Message was deleted, moderation action pending
-----------------------------------------------------

The following action was logged:
Nambu_Bynx(new)#6250
Fag
Message was deleted, moderation action pending
-----------------------------------------------------

The following action was logged:
Tom.#2330
Fag
Message was deleted, moderation action pending
-----------------------------------------------------

The following action was logged:
RandomArcticFox#1508
What if you are British and just want to smoke a fag!?
Message was deleted, moderation action pending
-----------------------------------------------------

